# JRE version: OpenJDK Runtime Environment (11.0.8+10) (build 11.0.8+10-post-Ubuntu-0ubuntu118.04.1)
# Java VM: OpenJDK 64-Bit Server VM (11.0.8+10-post-Ubuntu-0ubuntu118.04.1, mixed mode, sharing, tiered, compressed oops, g1 gc, linux-amd64)
Heap:
 garbage-first heap   total 102400K, used 88468K [0x00000000c2600000, 0x0000000100000000)
  region size 1024K, 12 young (12288K), 2 survivors (2048K)
 Metaspace       used 2920K, capacity 5551K, committed 5632K, reserved 1056768K
  class space    used 349K, capacity 711K, committed 768K, reserved 1048576K
GC Heap History (20 events):
Event: 33.635 GC heap before
{Heap before GC invocations=25 (full 0):
 garbage-first heap   total 84992K, used 72369K [0x00000000c2600000, 0x0000000100000000)
  region size 1024K, 6 young (6144K), 1 survivors (1024K)
 Metaspace       used 2913K, capacity 5551K, committed 5632K, reserved 1056768K
  class space    used 349K, capacity 711K, committed 768K, reserved 1048576K
}
Event: 33.652 GC heap after
{Heap after GC invocations=26 (full 0):
 garbage-first heap   total 84992K, used 67248K [0x00000000c2600000, 0x0000000100000000)
  region size 1024K, 1 young (1024K), 1 survivors (1024K)
 Metaspace       used 2913K, capacity 5551K, committed 5632K, reserved 1056768K
  class space    used 349K, capacity 711K, committed 768K, reserved 1048576K
}
Event: 34.291 GC heap before
{Heap before GC invocations=26 (full 0):
 garbage-first heap   total 84992K, used 72368K [0x00000000c2600000, 0x0000000100000000)
  region size 1024K, 6 young (6144K), 1 survivors (1024K)
 Metaspace       used 2913K, capacity 5551K, committed 5632K, reserved 1056768K
  class space    used 349K, capacity 711K, committed 768K, reserved 1048576K
}
Event: 34.295 GC heap after
{Heap after GC invocations=27 (full 0):
 garbage-first heap   total 84992K, used 67417K [0x00000000c2600000, 0x0000000100000000)
  region size 1024K, 1 young (1024K), 1 survivors (1024K)
 Metaspace       used 2913K, capacity 5551K, committed 5632K, reserved 1056768K
  class space    used 349K, capacity 711K, committed 768K, reserved 1048576K
}
Event: 35.013 GC heap before
{Heap before GC invocations=28 (full 0):
 garbage-first heap   total 84992K, used 72537K [0x00000000c2600000, 0x0000000100000000)
  region size 1024K, 6 young (6144K), 1 survivors (1024K)
 Metaspace       used 2913K, capacity 5551K, committed 5632K, reserved 1056768K
  class space    used 349K, capacity 711K, committed 768K, reserved 1048576K
}
Event: 35.044 GC heap after
{Heap after GC invocations=29 (full 0):
 garbage-first heap   total 84992K, used 67504K [0x00000000c2600000, 0x0000000100000000)
  region size 1024K, 1 young (1024K), 1 survivors (1024K)
 Metaspace       used 2913K, capacity 5551K, committed 5632K, reserved 1056768K
  class space    used 349K, capacity 711K, committed 768K, reserved 1048576K
}
Event: 35.709 GC heap before
{Heap before GC invocations=29 (full 0):
 garbage-first heap   total 84992K, used 72624K [0x00000000c2600000, 0x0000000100000000)
  region size 1024K, 6 young (6144K), 1 survivors (1024K)
 Metaspace       used 2915K, capacity 5551K, committed 5632K, reserved 1056768K
  class space    used 349K, capacity 711K, committed 768K, reserved 1048576K
}
Event: 35.713 GC heap after
{Heap after GC invocations=30 (full 0):
 garbage-first heap   total 102400K, used 67657K [0x00000000c2600000, 0x0000000100000000)
  region size 1024K, 1 young (1024K), 1 survivors (1024K)
 Metaspace       used 2915K, capacity 5551K, committed 5632K, reserved 1056768K
  class space    used 349K, capacity 711K, committed 768K, reserved 1048576K
}
Event: 37.380 GC heap before
{Heap before GC invocations=31 (full 0):
 garbage-first heap   total 102400K, used 79945K [0x00000000c2600000, 0x0000000100000000)
  region size 1024K, 13 young (13312K), 1 survivors (1024K)
 Metaspace       used 2915K, capacity 5551K, committed 5632K, reserved 1056768K
  class space    used 349K, capacity 711K, committed 768K, reserved 1048576K
}
Event: 37.383 GC heap after
{Heap after GC invocations=32 (full 0):
 garbage-first heap   total 102400K, used 67934K [0x00000000c2600000, 0x0000000100000000)
  region size 1024K, 1 young (1024K), 1 survivors (1024K)
 Metaspace       used 2915K, capacity 5551K, committed 5632K, reserved 1056768K
  class space    used 349K, capacity 711K, committed 768K, reserved 1048576K
}
Event: 38.102 GC heap before
{Heap before GC invocations=32 (full 0):
 garbage-first heap   total 102400K, used 73054K [0x00000000c2600000, 0x0000000100000000)
  region size 1024K, 7 young (7168K), 1 survivors (1024K)
 Metaspace       used 2915K, capacity 5551K, committed 5632K, reserved 1056768K
  class space    used 349K, capacity 711K, committed 768K, reserved 1048576K
}
Event: 38.140 GC heap after
{Heap after GC invocations=33 (full 0):
 garbage-first heap   total 102400K, used 68060K [0x00000000c2600000, 0x0000000100000000)
  region size 1024K, 1 young (1024K), 1 survivors (1024K)
 Metaspace       used 2915K, capacity 5551K, committed 5632K, reserved 1056768K
  class space    used 349K, capacity 711K, committed 768K, reserved 1048576K
}
Event: 40.001 GC heap before
{Heap before GC invocations=34 (full 0):
 garbage-first heap   total 102400K, used 85468K [0x00000000c2600000, 0x0000000100000000)
  region size 1024K, 13 young (13312K), 1 survivors (1024K)
 Metaspace       used 2915K, capacity 5551K, committed 5632K, reserved 1056768K
  class space    used 349K, capacity 711K, committed 768K, reserved 1048576K
}
Event: 40.006 GC heap after
{Heap after GC invocations=35 (full 0):
 garbage-first heap   total 102400K, used 73464K [0x00000000c2600000, 0x0000000100000000)
  region size 1024K, 2 young (2048K), 2 survivors (2048K)
 Metaspace       used 2915K, capacity 5551K, committed 5632K, reserved 1056768K
  class space    used 349K, capacity 711K, committed 768K, reserved 1048576K
}
Event: 41.294 GC heap before
{Heap before GC invocations=35 (full 0):
 garbage-first heap   total 102400K, used 83704K [0x00000000c2600000, 0x0000000100000000)
  region size 1024K, 12 young (12288K), 2 survivors (2048K)
 Metaspace       used 2915K, capacity 5551K, committed 5632K, reserved 1056768K
  class space    used 349K, capacity 711K, committed 768K, reserved 1048576K
}
Event: 41.299 GC heap after
{Heap after GC invocations=36 (full 0):
 garbage-first heap   total 102400K, used 73700K [0x00000000c2600000, 0x0000000100000000)
  region size 1024K, 2 young (2048K), 2 survivors (2048K)
 Metaspace       used 2915K, capacity 5551K, committed 5632K, reserved 1056768K
  class space    used 349K, capacity 711K, committed 768K, reserved 1048576K
}
Event: 42.889 GC heap before
{Heap before GC invocations=37 (full 0):
 garbage-first heap   total 102400K, used 84964K [0x00000000c2600000, 0x0000000100000000)
  region size 1024K, 13 young (13312K), 2 survivors (2048K)
 Metaspace       used 2915K, capacity 5551K, committed 5632K, reserved 1056768K
  class space    used 349K, capacity 711K, committed 768K, reserved 1048576K
}
Event: 42.921 GC heap after
{Heap after GC invocations=38 (full 0):
 garbage-first heap   total 102400K, used 73985K [0x00000000c2600000, 0x0000000100000000)
  region size 1024K, 2 young (2048K), 2 survivors (2048K)
 Metaspace       used 2915K, capacity 5551K, committed 5632K, reserved 1056768K
  class space    used 349K, capacity 711K, committed 768K, reserved 1048576K
}
Event: 44.364 GC heap before
{Heap before GC invocations=38 (full 0):
 garbage-first heap   total 102400K, used 84225K [0x00000000c2600000, 0x0000000100000000)
  region size 1024K, 13 young (13312K), 2 survivors (2048K)
 Metaspace       used 2918K, capacity 5551K, committed 5632K, reserved 1056768K
  class space    used 349K, capacity 711K, committed 768K, reserved 1048576K
}
Event: 44.368 GC heap after
{Heap after GC invocations=39 (full 0):
 garbage-first heap   total 102400K, used 74132K [0x00000000c2600000, 0x0000000100000000)
  region size 1024K, 2 young (2048K), 2 survivors (2048K)
 Metaspace       used 2918K, capacity 5551K, committed 5632K, reserved 1056768K
  class space    used 349K, capacity 711K, committed 768K, reserved 1048576K
}

