# JRE version: OpenJDK Runtime Environment (11.0.8+10) (build 11.0.8+10-post-Ubuntu-0ubuntu118.04.1)
# Java VM: OpenJDK 64-Bit Server VM (11.0.8+10-post-Ubuntu-0ubuntu118.04.1, mixed mode, sharing, tiered, compressed oops, g1 gc, linux-amd64)
Heap:
 garbage-first heap   total 190464K, used 107860K [0x00000000c2600000, 0x0000000100000000)
  region size 1024K, 3 young (3072K), 2 survivors (2048K)
 Metaspace       used 2903K, capacity 5549K, committed 5632K, reserved 1056768K
  class space    used 349K, capacity 712K, committed 768K, reserved 1048576K
GC Heap History (20 events):
Event: 4.541 GC heap before
{Heap before GC invocations=0 (full 0):
 garbage-first heap   total 63488K, used 33792K [0x00000000c2600000, 0x0000000100000000)
  region size 1024K, 8 young (8192K), 0 survivors (0K)
 Metaspace       used 2386K, capacity 5270K, committed 5632K, reserved 1056768K
  class space    used 292K, capacity 646K, committed 768K, reserved 1048576K
}
Event: 4.659 GC heap after
{Heap after GC invocations=1 (full 0):
 garbage-first heap   total 63488K, used 28496K [0x00000000c2600000, 0x0000000100000000)
  region size 1024K, 2 young (2048K), 2 survivors (2048K)
 Metaspace       used 2386K, capacity 5270K, committed 5632K, reserved 1056768K
  class space    used 292K, capacity 646K, committed 768K, reserved 1048576K
}
Event: 26.798 GC heap before
{Heap before GC invocations=2 (full 0):
 garbage-first heap   total 63488K, used 57168K [0x00000000c2600000, 0x0000000100000000)
  region size 1024K, 17 young (17408K), 2 survivors (2048K)
 Metaspace       used 2857K, capacity 5551K, committed 5632K, reserved 1056768K
  class space    used 350K, capacity 713K, committed 768K, reserved 1048576K
}
Event: 27.831 GC heap after
{Heap after GC invocations=3 (full 0):
 garbage-first heap   total 63488K, used 45547K [0x00000000c2600000, 0x0000000100000000)
  region size 1024K, 3 young (3072K), 3 survivors (3072K)
 Metaspace       used 2857K, capacity 5551K, committed 5632K, reserved 1056768K
  class space    used 350K, capacity 713K, committed 768K, reserved 1048576K
}
Event: 29.563 GC heap before
{Heap before GC invocations=4 (full 0):
 garbage-first heap   total 63488K, used 60907K [0x00000000c2600000, 0x0000000100000000)
  region size 1024K, 4 young (4096K), 3 survivors (3072K)
 Metaspace       used 2863K, capacity 5551K, committed 5632K, reserved 1056768K
  class space    used 350K, capacity 713K, committed 768K, reserved 1048576K
}
Event: 29.859 GC heap after
{Heap after GC invocations=5 (full 0):
 garbage-first heap   total 65536K, used 60367K [0x00000000c2600000, 0x0000000100000000)
  region size 1024K, 1 young (1024K), 1 survivors (1024K)
 Metaspace       used 2863K, capacity 5551K, committed 5632K, reserved 1056768K
  class space    used 350K, capacity 713K, committed 768K, reserved 1048576K
}
Event: 30.763 GC heap before
{Heap before GC invocations=5 (full 0):
 garbage-first heap   total 65536K, used 62415K [0x00000000c2600000, 0x0000000100000000)
  region size 1024K, 3 young (3072K), 1 survivors (1024K)
 Metaspace       used 2865K, capacity 5551K, committed 5632K, reserved 1056768K
  class space    used 350K, capacity 713K, committed 768K, reserved 1048576K
}
Event: 30.954 GC heap after
{Heap after GC invocations=6 (full 0):
 garbage-first heap   total 65536K, used 60163K [0x00000000c2600000, 0x0000000100000000)
  region size 1024K, 1 young (1024K), 1 survivors (1024K)
 Metaspace       used 2865K, capacity 5551K, committed 5632K, reserved 1056768K
  class space    used 350K, capacity 713K, committed 768K, reserved 1048576K
}
Event: 31.732 GC heap before
{Heap before GC invocations=6 (full 0):
 garbage-first heap   total 65536K, used 60163K [0x00000000c2600000, 0x0000000100000000)
  region size 1024K, 2 young (2048K), 1 survivors (1024K)
 Metaspace       used 2871K, capacity 5553K, committed 5632K, reserved 1056768K
  class space    used 350K, capacity 714K, committed 768K, reserved 1048576K
}
Event: 32.436 GC heap after
{Heap after GC invocations=7 (full 0):
 garbage-first heap   total 104448K, used 60297K [0x00000000c2600000, 0x0000000100000000)
  region size 1024K, 1 young (1024K), 1 survivors (1024K)
 Metaspace       used 2871K, capacity 5553K, committed 5632K, reserved 1056768K
  class space    used 350K, capacity 714K, committed 768K, reserved 1048576K
}
Event: 35.347 GC heap before
{Heap before GC invocations=8 (full 0):
 garbage-first heap   total 104448K, used 70537K [0x00000000c2600000, 0x0000000100000000)
  region size 1024K, 2 young (2048K), 1 survivors (1024K)
 Metaspace       used 2876K, capacity 5548K, committed 5632K, reserved 1056768K
  class space    used 349K, capacity 712K, committed 768K, reserved 1048576K
}
Event: 35.589 GC heap after
{Heap after GC invocations=9 (full 0):
 garbage-first heap   total 104448K, used 70729K [0x00000000c2600000, 0x0000000100000000)
  region size 1024K, 1 young (1024K), 1 survivors (1024K)
 Metaspace       used 2876K, capacity 5548K, committed 5632K, reserved 1056768K
  class space    used 349K, capacity 712K, committed 768K, reserved 1048576K
}
Event: 38.149 GC heap before
{Heap before GC invocations=10 (full 0):
 garbage-first heap   total 104448K, used 86089K [0x00000000c2600000, 0x0000000100000000)
  region size 1024K, 2 young (2048K), 1 survivors (1024K)
 Metaspace       used 2882K, capacity 5548K, committed 5632K, reserved 1056768K
  class space    used 349K, capacity 712K, committed 768K, reserved 1048576K
}
Event: 38.601 GC heap after
{Heap after GC invocations=11 (full 0):
 garbage-first heap   total 104448K, used 86286K [0x00000000c2600000, 0x0000000100000000)
  region size 1024K, 1 young (1024K), 1 survivors (1024K)
 Metaspace       used 2882K, capacity 5548K, committed 5632K, reserved 1056768K
  class space    used 349K, capacity 712K, committed 768K, reserved 1048576K
}
Event: 40.984 GC heap before
{Heap before GC invocations=12 (full 0):
 garbage-first heap   total 104448K, used 96526K [0x00000000c2600000, 0x0000000100000000)
  region size 1024K, 2 young (2048K), 1 survivors (1024K)
 Metaspace       used 2891K, capacity 5548K, committed 5632K, reserved 1056768K
  class space    used 349K, capacity 712K, committed 768K, reserved 1048576K
}
Event: 41.076 GC heap after
{Heap after GC invocations=13 (full 0):
 garbage-first heap   total 104448K, used 96637K [0x00000000c2600000, 0x0000000100000000)
  region size 1024K, 1 young (1024K), 1 survivors (1024K)
 Metaspace       used 2891K, capacity 5548K, committed 5632K, reserved 1056768K
  class space    used 349K, capacity 712K, committed 768K, reserved 1048576K
}
Event: 47.565 GC heap before
{Heap before GC invocations=14 (full 0):
 garbage-first heap   total 109568K, used 105853K [0x00000000c2600000, 0x0000000100000000)
  region size 1024K, 5 young (5120K), 1 survivors (1024K)
 Metaspace       used 2901K, capacity 5549K, committed 5632K, reserved 1056768K
  class space    used 349K, capacity 712K, committed 768K, reserved 1048576K
}
Event: 47.804 GC heap after
{Heap after GC invocations=15 (full 0):
 garbage-first heap   total 190464K, used 102159K [0x00000000c2600000, 0x0000000100000000)
  region size 1024K, 1 young (1024K), 1 survivors (1024K)
 Metaspace       used 2901K, capacity 5549K, committed 5632K, reserved 1056768K
  class space    used 349K, capacity 712K, committed 768K, reserved 1048576K
}
Event: 54.554 GC heap before
{Heap before GC invocations=15 (full 0):
 garbage-first heap   total 190464K, used 106255K [0x00000000c2600000, 0x0000000100000000)
  region size 1024K, 6 young (6144K), 1 survivors (1024K)
 Metaspace       used 2903K, capacity 5549K, committed 5632K, reserved 1056768K
  class space    used 349K, capacity 712K, committed 768K, reserved 1048576K
}
Event: 54.747 GC heap after
{Heap after GC invocations=16 (full 0):
 garbage-first heap   total 190464K, used 102740K [0x00000000c2600000, 0x0000000100000000)
  region size 1024K, 2 young (2048K), 2 survivors (2048K)
 Metaspace       used 2903K, capacity 5549K, committed 5632K, reserved 1056768K
  class space    used 349K, capacity 712K, committed 768K, reserved 1048576K
}

