# JRE version: OpenJDK Runtime Environment (11.0.8+10) (build 11.0.8+10-post-Ubuntu-0ubuntu118.04.1)
# Java VM: OpenJDK 64-Bit Server VM (11.0.8+10-post-Ubuntu-0ubuntu118.04.1, mixed mode, sharing, tiered, compressed oops, g1 gc, linux-amd64)
Heap:
 garbage-first heap   total 88064K, used 54637K [0x00000000c2600000, 0x0000000100000000)
  region size 1024K, 8 young (8192K), 2 survivors (2048K)
 Metaspace       used 2865K, capacity 5550K, committed 5632K, reserved 1056768K
  class space    used 349K, capacity 711K, committed 768K, reserved 1048576K
GC Heap History (18 events):
Event: 4.935 GC heap before
{Heap before GC invocations=0 (full 0):
 garbage-first heap   total 63488K, used 32768K [0x00000000c2600000, 0x0000000100000000)
  region size 1024K, 7 young (7168K), 0 survivors (0K)
 Metaspace       used 2242K, capacity 5199K, committed 5248K, reserved 1056768K
  class space    used 276K, capacity 621K, committed 640K, reserved 1048576K
}
Event: 5.048 GC heap after
{Heap after GC invocations=1 (full 0):
 garbage-first heap   total 63488K, used 28073K [0x00000000c2600000, 0x0000000100000000)
  region size 1024K, 2 young (2048K), 2 survivors (2048K)
 Metaspace       used 2242K, capacity 5199K, committed 5248K, reserved 1056768K
  class space    used 276K, capacity 621K, committed 640K, reserved 1048576K
}
Event: 10.613 GC heap before
{Heap before GC invocations=2 (full 0):
 garbage-first heap   total 63488K, used 61865K [0x00000000c2600000, 0x0000000100000000)
  region size 1024K, 22 young (22528K), 2 survivors (2048K)
 Metaspace       used 2838K, capacity 5561K, committed 5632K, reserved 1056768K
  class space    used 352K, capacity 717K, committed 768K, reserved 1048576K
}
Event: 10.678 GC heap after
{Heap after GC invocations=3 (full 0):
 garbage-first heap   total 69632K, used 46518K [0x00000000c2600000, 0x0000000100000000)
  region size 1024K, 3 young (3072K), 3 survivors (3072K)
 Metaspace       used 2838K, capacity 5561K, committed 5632K, reserved 1056768K
  class space    used 352K, capacity 717K, committed 768K, reserved 1048576K
}
Event: 11.952 GC heap before
{Heap before GC invocations=3 (full 0):
 garbage-first heap   total 69632K, used 54710K [0x00000000c2600000, 0x0000000100000000)
  region size 1024K, 11 young (11264K), 3 survivors (3072K)
 Metaspace       used 2839K, capacity 5561K, committed 5632K, reserved 1056768K
  class space    used 352K, capacity 717K, committed 768K, reserved 1048576K
}
Event: 12.069 GC heap after
{Heap after GC invocations=4 (full 0):
 garbage-first heap   total 69632K, used 47144K [0x00000000c2600000, 0x0000000100000000)
  region size 1024K, 1 young (1024K), 1 survivors (1024K)
 Metaspace       used 2839K, capacity 5561K, committed 5632K, reserved 1056768K
  class space    used 352K, capacity 717K, committed 768K, reserved 1048576K
}
Event: 13.074 GC heap before
{Heap before GC invocations=5 (full 0):
 garbage-first heap   total 69632K, used 55336K [0x00000000c2600000, 0x0000000100000000)
  region size 1024K, 9 young (9216K), 1 survivors (1024K)
 Metaspace       used 2835K, capacity 5550K, committed 5632K, reserved 1056768K
  class space    used 350K, capacity 713K, committed 768K, reserved 1048576K
}
Event: 13.088 GC heap after
{Heap after GC invocations=6 (full 0):
 garbage-first heap   total 69632K, used 47260K [0x00000000c2600000, 0x0000000100000000)
  region size 1024K, 1 young (1024K), 1 survivors (1024K)
 Metaspace       used 2835K, capacity 5550K, committed 5632K, reserved 1056768K
  class space    used 350K, capacity 713K, committed 768K, reserved 1048576K
}
Event: 13.506 GC heap before
{Heap before GC invocations=6 (full 0):
 garbage-first heap   total 69632K, used 56476K [0x00000000c2600000, 0x0000000100000000)
  region size 1024K, 10 young (10240K), 1 survivors (1024K)
 Metaspace       used 2836K, capacity 5550K, committed 5632K, reserved 1056768K
  class space    used 350K, capacity 713K, committed 768K, reserved 1048576K
}
Event: 13.519 GC heap after
{Heap after GC invocations=7 (full 0):
 garbage-first heap   total 69632K, used 47905K [0x00000000c2600000, 0x0000000100000000)
  region size 1024K, 2 young (2048K), 2 survivors (2048K)
 Metaspace       used 2836K, capacity 5550K, committed 5632K, reserved 1056768K
  class space    used 350K, capacity 713K, committed 768K, reserved 1048576K
}
Event: 14.349 GC heap before
{Heap before GC invocations=8 (full 0):
 garbage-first heap   total 69632K, used 56097K [0x00000000c2600000, 0x0000000100000000)
  region size 1024K, 10 young (10240K), 2 survivors (2048K)
 Metaspace       used 2846K, capacity 5546K, committed 5632K, reserved 1056768K
  class space    used 349K, capacity 711K, committed 768K, reserved 1048576K
}
Event: 14.354 GC heap after
{Heap after GC invocations=9 (full 0):
 garbage-first heap   total 69632K, used 48216K [0x00000000c2600000, 0x0000000100000000)
  region size 1024K, 1 young (1024K), 1 survivors (1024K)
 Metaspace       used 2846K, capacity 5546K, committed 5632K, reserved 1056768K
  class space    used 349K, capacity 711K, committed 768K, reserved 1048576K
}
Event: 15.667 GC heap before
{Heap before GC invocations=9 (full 0):
 garbage-first heap   total 69632K, used 57432K [0x00000000c2600000, 0x0000000100000000)
  region size 1024K, 10 young (10240K), 1 survivors (1024K)
 Metaspace       used 2852K, capacity 5546K, committed 5632K, reserved 1056768K
  class space    used 349K, capacity 711K, committed 768K, reserved 1048576K
}
Event: 15.757 GC heap after
{Heap after GC invocations=10 (full 0):
 garbage-first heap   total 69632K, used 48622K [0x00000000c2600000, 0x0000000100000000)
  region size 1024K, 2 young (2048K), 2 survivors (2048K)
 Metaspace       used 2852K, capacity 5546K, committed 5632K, reserved 1056768K
  class space    used 349K, capacity 711K, committed 768K, reserved 1048576K
}
Event: 17.061 GC heap before
{Heap before GC invocations=11 (full 0):
 garbage-first heap   total 69632K, used 56814K [0x00000000c2600000, 0x0000000100000000)
  region size 1024K, 10 young (10240K), 2 survivors (2048K)
 Metaspace       used 2852K, capacity 5546K, committed 5632K, reserved 1056768K
  class space    used 349K, capacity 711K, committed 768K, reserved 1048576K
}
Event: 17.067 GC heap after
{Heap after GC invocations=12 (full 0):
 garbage-first heap   total 88064K, used 48724K [0x00000000c2600000, 0x0000000100000000)
  region size 1024K, 1 young (1024K), 1 survivors (1024K)
 Metaspace       used 2852K, capacity 5546K, committed 5632K, reserved 1056768K
  class space    used 349K, capacity 711K, committed 768K, reserved 1048576K
}
Event: 19.097 GC heap before
{Heap before GC invocations=12 (full 0):
 garbage-first heap   total 88064K, used 65108K [0x00000000c2600000, 0x0000000100000000)
  region size 1024K, 17 young (17408K), 1 survivors (1024K)
 Metaspace       used 2859K, capacity 5550K, committed 5632K, reserved 1056768K
  class space    used 349K, capacity 711K, committed 768K, reserved 1048576K
}
Event: 19.117 GC heap after
{Heap after GC invocations=13 (full 0):
 garbage-first heap   total 88064K, used 49517K [0x00000000c2600000, 0x0000000100000000)
  region size 1024K, 2 young (2048K), 2 survivors (2048K)
 Metaspace       used 2859K, capacity 5550K, committed 5632K, reserved 1056768K
  class space    used 349K, capacity 711K, committed 768K, reserved 1048576K
}

