# JRE version: OpenJDK Runtime Environment (11.0.8+10) (build 11.0.8+10-post-Ubuntu-0ubuntu118.04.1)
# Java VM: OpenJDK 64-Bit Server VM (11.0.8+10-post-Ubuntu-0ubuntu118.04.1, mixed mode, sharing, tiered, compressed oops, g1 gc, linux-amd64)
Heap:
 garbage-first heap   total 77824K, used 73732K [0x00000000c2600000, 0x0000000100000000)
  region size 1024K, 2 young (2048K), 1 survivors (1024K)
 Metaspace       used 3053K, capacity 5557K, committed 5632K, reserved 1056768K
  class space    used 358K, capacity 712K, committed 768K, reserved 1048576K
GC Heap History (20 events):
Event: 18.424 GC heap before
{Heap before GC invocations=28 (full 0):
 garbage-first heap   total 75776K, used 73436K [0x00000000c2600000, 0x0000000100000000)
  region size 1024K, 3 young (3072K), 1 survivors (1024K)
 Metaspace       used 3038K, capacity 5557K, committed 5632K, reserved 1056768K
  class space    used 358K, capacity 712K, committed 768K, reserved 1048576K
}
Event: 18.427 GC heap after
{Heap after GC invocations=29 (full 0):
 garbage-first heap   total 75776K, used 71617K [0x00000000c2600000, 0x0000000100000000)
  region size 1024K, 1 young (1024K), 1 survivors (1024K)
 Metaspace       used 3038K, capacity 5557K, committed 5632K, reserved 1056768K
  class space    used 358K, capacity 712K, committed 768K, reserved 1048576K
}
Event: 19.004 GC heap before
{Heap before GC invocations=30 (full 0):
 garbage-first heap   total 75776K, used 73665K [0x00000000c2600000, 0x0000000100000000)
  region size 1024K, 3 young (3072K), 1 survivors (1024K)
 Metaspace       used 3040K, capacity 5557K, committed 5632K, reserved 1056768K
  class space    used 358K, capacity 712K, committed 768K, reserved 1048576K
}
Event: 19.019 GC heap after
{Heap after GC invocations=31 (full 0):
 garbage-first heap   total 75776K, used 71763K [0x00000000c2600000, 0x0000000100000000)
  region size 1024K, 1 young (1024K), 1 survivors (1024K)
 Metaspace       used 3040K, capacity 5557K, committed 5632K, reserved 1056768K
  class space    used 358K, capacity 712K, committed 768K, reserved 1048576K
}
Event: 19.790 GC heap before
{Heap before GC invocations=31 (full 0):
 garbage-first heap   total 75776K, used 73811K [0x00000000c2600000, 0x0000000100000000)
  region size 1024K, 3 young (3072K), 1 survivors (1024K)
 Metaspace       used 3041K, capacity 5557K, committed 5632K, reserved 1056768K
  class space    used 358K, capacity 712K, committed 768K, reserved 1048576K
}
Event: 19.793 GC heap after
{Heap after GC invocations=32 (full 0):
 garbage-first heap   total 75776K, used 72057K [0x00000000c2600000, 0x0000000100000000)
  region size 1024K, 1 young (1024K), 1 survivors (1024K)
 Metaspace       used 3041K, capacity 5557K, committed 5632K, reserved 1056768K
  class space    used 358K, capacity 712K, committed 768K, reserved 1048576K
}
Event: 20.441 GC heap before
{Heap before GC invocations=33 (full 0):
 garbage-first heap   total 75776K, used 74105K [0x00000000c2600000, 0x0000000100000000)
  region size 1024K, 3 young (3072K), 1 survivors (1024K)
 Metaspace       used 3042K, capacity 5557K, committed 5632K, reserved 1056768K
  class space    used 358K, capacity 712K, committed 768K, reserved 1048576K
}
Event: 20.443 GC heap after
{Heap after GC invocations=34 (full 0):
 garbage-first heap   total 75776K, used 72300K [0x00000000c2600000, 0x0000000100000000)
  region size 1024K, 1 young (1024K), 1 survivors (1024K)
 Metaspace       used 3042K, capacity 5557K, committed 5632K, reserved 1056768K
  class space    used 358K, capacity 712K, committed 768K, reserved 1048576K
}
Event: 20.955 GC heap before
{Heap before GC invocations=34 (full 0):
 garbage-first heap   total 75776K, used 74348K [0x00000000c2600000, 0x0000000100000000)
  region size 1024K, 3 young (3072K), 1 survivors (1024K)
 Metaspace       used 3042K, capacity 5557K, committed 5632K, reserved 1056768K
  class space    used 358K, capacity 712K, committed 768K, reserved 1048576K
}
Event: 20.957 GC heap after
{Heap after GC invocations=35 (full 0):
 garbage-first heap   total 76800K, used 72478K [0x00000000c2600000, 0x0000000100000000)
  region size 1024K, 1 young (1024K), 1 survivors (1024K)
 Metaspace       used 3042K, capacity 5557K, committed 5632K, reserved 1056768K
  class space    used 358K, capacity 712K, committed 768K, reserved 1048576K
}
Event: 21.784 GC heap before
{Heap before GC invocations=36 (full 0):
 garbage-first heap   total 76800K, used 74526K [0x00000000c2600000, 0x0000000100000000)
  region size 1024K, 3 young (3072K), 1 survivors (1024K)
 Metaspace       used 3042K, capacity 5557K, committed 5632K, reserved 1056768K
  class space    used 358K, capacity 712K, committed 768K, reserved 1048576K
}
Event: 21.786 GC heap after
{Heap after GC invocations=37 (full 0):
 garbage-first heap   total 76800K, used 72739K [0x00000000c2600000, 0x0000000100000000)
  region size 1024K, 1 young (1024K), 1 survivors (1024K)
 Metaspace       used 3042K, capacity 5557K, committed 5632K, reserved 1056768K
  class space    used 358K, capacity 712K, committed 768K, reserved 1048576K
}
Event: 22.352 GC heap before
{Heap before GC invocations=37 (full 0):
 garbage-first heap   total 76800K, used 74787K [0x00000000c2600000, 0x0000000100000000)
  region size 1024K, 3 young (3072K), 1 survivors (1024K)
 Metaspace       used 3051K, capacity 5557K, committed 5632K, reserved 1056768K
  class space    used 358K, capacity 712K, committed 768K, reserved 1048576K
}
Event: 22.356 GC heap after
{Heap after GC invocations=38 (full 0):
 garbage-first heap   total 76800K, used 72989K [0x00000000c2600000, 0x0000000100000000)
  region size 1024K, 1 young (1024K), 1 survivors (1024K)
 Metaspace       used 3051K, capacity 5557K, committed 5632K, reserved 1056768K
  class space    used 358K, capacity 712K, committed 768K, reserved 1048576K
}
Event: 22.949 GC heap before
{Heap before GC invocations=39 (full 0):
 garbage-first heap   total 76800K, used 75037K [0x00000000c2600000, 0x0000000100000000)
  region size 1024K, 3 young (3072K), 1 survivors (1024K)
 Metaspace       used 3051K, capacity 5557K, committed 5632K, reserved 1056768K
  class space    used 358K, capacity 712K, committed 768K, reserved 1048576K
}
Event: 22.953 GC heap after
{Heap after GC invocations=40 (full 0):
 garbage-first heap   total 76800K, used 73189K [0x00000000c2600000, 0x0000000100000000)
  region size 1024K, 1 young (1024K), 1 survivors (1024K)
 Metaspace       used 3051K, capacity 5557K, committed 5632K, reserved 1056768K
  class space    used 358K, capacity 712K, committed 768K, reserved 1048576K
}
Event: 23.449 GC heap before
{Heap before GC invocations=40 (full 0):
 garbage-first heap   total 76800K, used 75237K [0x00000000c2600000, 0x0000000100000000)
  region size 1024K, 3 young (3072K), 1 survivors (1024K)
 Metaspace       used 3051K, capacity 5557K, committed 5632K, reserved 1056768K
  class space    used 358K, capacity 712K, committed 768K, reserved 1048576K
}
Event: 23.456 GC heap after
{Heap after GC invocations=41 (full 0):
 garbage-first heap   total 76800K, used 73502K [0x00000000c2600000, 0x0000000100000000)
  region size 1024K, 1 young (1024K), 1 survivors (1024K)
 Metaspace       used 3051K, capacity 5557K, committed 5632K, reserved 1056768K
  class space    used 358K, capacity 712K, committed 768K, reserved 1048576K
}
Event: 23.984 GC heap before
{Heap before GC invocations=42 (full 0):
 garbage-first heap   total 76800K, used 75550K [0x00000000c2600000, 0x0000000100000000)
  region size 1024K, 3 young (3072K), 1 survivors (1024K)
 Metaspace       used 3053K, capacity 5557K, committed 5632K, reserved 1056768K
  class space    used 358K, capacity 712K, committed 768K, reserved 1048576K
}
Event: 23.987 GC heap after
{Heap after GC invocations=43 (full 0):
 garbage-first heap   total 77824K, used 73732K [0x00000000c2600000, 0x0000000100000000)
  region size 1024K, 1 young (1024K), 1 survivors (1024K)
 Metaspace       used 3053K, capacity 5557K, committed 5632K, reserved 1056768K
  class space    used 358K, capacity 712K, committed 768K, reserved 1048576K
}

