# JRE version: OpenJDK Runtime Environment (11.0.8+10) (build 11.0.8+10-post-Ubuntu-0ubuntu118.04.1)
# Java VM: OpenJDK 64-Bit Server VM (11.0.8+10-post-Ubuntu-0ubuntu118.04.1, mixed mode, sharing, tiered, compressed oops, g1 gc, linux-amd64)
Heap:
 garbage-first heap   total 69632K, used 47330K [0x00000000c2600000, 0x0000000100000000)
  region size 1024K, 2 young (2048K), 1 survivors (1024K)
 Metaspace       used 2850K, capacity 5569K, committed 5632K, reserved 1056768K
  class space    used 353K, capacity 719K, committed 768K, reserved 1048576K
GC Heap History (6 events):
Event: 4.458 GC heap before
{Heap before GC invocations=0 (full 0):
 garbage-first heap   total 63488K, used 32768K [0x00000000c2600000, 0x0000000100000000)
  region size 1024K, 7 young (7168K), 0 survivors (0K)
 Metaspace       used 2253K, capacity 5194K, committed 5248K, reserved 1056768K
  class space    used 275K, capacity 619K, committed 640K, reserved 1048576K
}
Event: 4.962 GC heap after
{Heap after GC invocations=1 (full 0):
 garbage-first heap   total 63488K, used 28075K [0x00000000c2600000, 0x0000000100000000)
  region size 1024K, 2 young (2048K), 2 survivors (2048K)
 Metaspace       used 2253K, capacity 5194K, committed 5248K, reserved 1056768K
  class space    used 275K, capacity 619K, committed 640K, reserved 1048576K
}
Event: 11.347 GC heap before
{Heap before GC invocations=2 (full 0):
 garbage-first heap   total 63488K, used 62891K [0x00000000c2600000, 0x0000000100000000)
  region size 1024K, 22 young (22528K), 2 survivors (2048K)
 Metaspace       used 2850K, capacity 5569K, committed 5632K, reserved 1056768K
  class space    used 353K, capacity 719K, committed 768K, reserved 1048576K
}
Event: 11.385 GC heap after
{Heap after GC invocations=3 (full 0):
 garbage-first heap   total 69632K, used 46779K [0x00000000c2600000, 0x0000000100000000)
  region size 1024K, 3 young (3072K), 3 survivors (3072K)
 Metaspace       used 2850K, capacity 5569K, committed 5632K, reserved 1056768K
  class space    used 353K, capacity 719K, committed 768K, reserved 1048576K
}
Event: 12.015 GC heap before
{Heap before GC invocations=3 (full 0):
 garbage-first heap   total 69632K, used 51899K [0x00000000c2600000, 0x0000000100000000)
  region size 1024K, 8 young (8192K), 3 survivors (3072K)
 Metaspace       used 2850K, capacity 5569K, committed 5632K, reserved 1056768K
  class space    used 353K, capacity 719K, committed 768K, reserved 1048576K
}
Event: 12.070 GC heap after
{Heap after GC invocations=4 (full 0):
 garbage-first heap   total 69632K, used 47330K [0x00000000c2600000, 0x0000000100000000)
  region size 1024K, 1 young (1024K), 1 survivors (1024K)
 Metaspace       used 2850K, capacity 5569K, committed 5632K, reserved 1056768K
  class space    used 353K, capacity 719K, committed 768K, reserved 1048576K
}

