# JRE version: OpenJDK Runtime Environment (11.0.8+10) (build 11.0.8+10-post-Ubuntu-0ubuntu118.04.1)
# Java VM: OpenJDK 64-Bit Server VM (11.0.8+10-post-Ubuntu-0ubuntu118.04.1, mixed mode, sharing, tiered, compressed oops, g1 gc, linux-amd64)
Heap:
 garbage-first heap   total 68608K, used 51507K [0x00000000c2600000, 0x0000000100000000)
  region size 1024K, 4 young (4096K), 1 survivors (1024K)
 Metaspace       used 2872K, capacity 5546K, committed 5632K, reserved 1056768K
  class space    used 349K, capacity 711K, committed 768K, reserved 1048576K
GC Heap History (18 events):
Event: 4.247 GC heap before
{Heap before GC invocations=0 (full 0):
 garbage-first heap   total 63488K, used 33792K [0x00000000c2600000, 0x0000000100000000)
  region size 1024K, 8 young (8192K), 0 survivors (0K)
 Metaspace       used 2265K, capacity 5203K, committed 5248K, reserved 1056768K
  class space    used 277K, capacity 623K, committed 640K, reserved 1048576K
}
Event: 4.365 GC heap after
{Heap after GC invocations=1 (full 0):
 garbage-first heap   total 63488K, used 28086K [0x00000000c2600000, 0x0000000100000000)
  region size 1024K, 2 young (2048K), 2 survivors (2048K)
 Metaspace       used 2265K, capacity 5203K, committed 5248K, reserved 1056768K
  class space    used 277K, capacity 623K, committed 640K, reserved 1048576K
}
Event: 10.412 GC heap before
{Heap before GC invocations=2 (full 0):
 garbage-first heap   total 63488K, used 60854K [0x00000000c2600000, 0x0000000100000000)
  region size 1024K, 21 young (21504K), 2 survivors (2048K)
 Metaspace       used 2852K, capacity 5563K, committed 5632K, reserved 1056768K
  class space    used 352K, capacity 718K, committed 768K, reserved 1048576K
}
Event: 10.449 GC heap after
{Heap after GC invocations=3 (full 0):
 garbage-first heap   total 68608K, used 46185K [0x00000000c2600000, 0x0000000100000000)
  region size 1024K, 3 young (3072K), 3 survivors (3072K)
 Metaspace       used 2852K, capacity 5563K, committed 5632K, reserved 1056768K
  class space    used 352K, capacity 718K, committed 768K, reserved 1048576K
}
Event: 11.575 GC heap before
{Heap before GC invocations=3 (full 0):
 garbage-first heap   total 68608K, used 54377K [0x00000000c2600000, 0x0000000100000000)
  region size 1024K, 11 young (11264K), 3 survivors (3072K)
 Metaspace       used 2853K, capacity 5563K, committed 5632K, reserved 1056768K
  class space    used 352K, capacity 718K, committed 768K, reserved 1048576K
}
Event: 11.594 GC heap after
{Heap after GC invocations=4 (full 0):
 garbage-first heap   total 68608K, used 47481K [0x00000000c2600000, 0x0000000100000000)
  region size 1024K, 2 young (2048K), 2 survivors (2048K)
 Metaspace       used 2853K, capacity 5563K, committed 5632K, reserved 1056768K
  class space    used 352K, capacity 718K, committed 768K, reserved 1048576K
}
Event: 12.835 GC heap before
{Heap before GC invocations=5 (full 0):
 garbage-first heap   total 68608K, used 54649K [0x00000000c2600000, 0x0000000100000000)
  region size 1024K, 9 young (9216K), 2 survivors (2048K)
 Metaspace       used 2860K, capacity 5563K, committed 5632K, reserved 1056768K
  class space    used 352K, capacity 718K, committed 768K, reserved 1048576K
}
Event: 12.847 GC heap after
{Heap after GC invocations=6 (full 0):
 garbage-first heap   total 68608K, used 48061K [0x00000000c2600000, 0x0000000100000000)
  region size 1024K, 1 young (1024K), 1 survivors (1024K)
 Metaspace       used 2860K, capacity 5563K, committed 5632K, reserved 1056768K
  class space    used 352K, capacity 718K, committed 768K, reserved 1048576K
}
Event: 13.460 GC heap before
{Heap before GC invocations=6 (full 0):
 garbage-first heap   total 68608K, used 55229K [0x00000000c2600000, 0x0000000100000000)
  region size 1024K, 8 young (8192K), 1 survivors (1024K)
 Metaspace       used 2860K, capacity 5563K, committed 5632K, reserved 1056768K
  class space    used 352K, capacity 718K, committed 768K, reserved 1048576K
}
Event: 13.463 GC heap after
{Heap after GC invocations=7 (full 0):
 garbage-first heap   total 68608K, used 47970K [0x00000000c2600000, 0x0000000100000000)
  region size 1024K, 1 young (1024K), 1 survivors (1024K)
 Metaspace       used 2860K, capacity 5563K, committed 5632K, reserved 1056768K
  class space    used 352K, capacity 718K, committed 768K, reserved 1048576K
}
Event: 14.633 GC heap before
{Heap before GC invocations=8 (full 0):
 garbage-first heap   total 68608K, used 56162K [0x00000000c2600000, 0x0000000100000000)
  region size 1024K, 9 young (9216K), 1 survivors (1024K)
 Metaspace       used 2864K, capacity 5546K, committed 5632K, reserved 1056768K
  class space    used 349K, capacity 711K, committed 768K, reserved 1048576K
}
Event: 14.639 GC heap after
{Heap after GC invocations=9 (full 0):
 garbage-first heap   total 68608K, used 48600K [0x00000000c2600000, 0x0000000100000000)
  region size 1024K, 2 young (2048K), 2 survivors (2048K)
 Metaspace       used 2864K, capacity 5546K, committed 5632K, reserved 1056768K
  class space    used 349K, capacity 711K, committed 768K, reserved 1048576K
}
Event: 15.546 GC heap before
{Heap before GC invocations=9 (full 0):
 garbage-first heap   total 68608K, used 55768K [0x00000000c2600000, 0x0000000100000000)
  region size 1024K, 9 young (9216K), 2 survivors (2048K)
 Metaspace       used 2870K, capacity 5546K, committed 5632K, reserved 1056768K
  class space    used 349K, capacity 711K, committed 768K, reserved 1048576K
}
Event: 15.552 GC heap after
{Heap after GC invocations=10 (full 0):
 garbage-first heap   total 68608K, used 48884K [0x00000000c2600000, 0x0000000100000000)
  region size 1024K, 1 young (1024K), 1 survivors (1024K)
 Metaspace       used 2870K, capacity 5546K, committed 5632K, reserved 1056768K
  class space    used 349K, capacity 711K, committed 768K, reserved 1048576K
}
Event: 16.991 GC heap before
{Heap before GC invocations=11 (full 0):
 garbage-first heap   total 68608K, used 57076K [0x00000000c2600000, 0x0000000100000000)
  region size 1024K, 9 young (9216K), 1 survivors (1024K)
 Metaspace       used 2870K, capacity 5546K, committed 5632K, reserved 1056768K
  class space    used 349K, capacity 711K, committed 768K, reserved 1048576K
}
Event: 17.004 GC heap after
{Heap after GC invocations=12 (full 0):
 garbage-first heap   total 68608K, used 49090K [0x00000000c2600000, 0x0000000100000000)
  region size 1024K, 2 young (2048K), 2 survivors (2048K)
 Metaspace       used 2870K, capacity 5546K, committed 5632K, reserved 1056768K
  class space    used 349K, capacity 711K, committed 768K, reserved 1048576K
}
Event: 17.778 GC heap before
{Heap before GC invocations=12 (full 0):
 garbage-first heap   total 68608K, used 56258K [0x00000000c2600000, 0x0000000100000000)
  region size 1024K, 9 young (9216K), 2 survivors (2048K)
 Metaspace       used 2870K, capacity 5546K, committed 5632K, reserved 1056768K
  class space    used 349K, capacity 711K, committed 768K, reserved 1048576K
}
Event: 17.793 GC heap after
{Heap after GC invocations=13 (full 0):
 garbage-first heap   total 68608K, used 49459K [0x00000000c2600000, 0x0000000100000000)
  region size 1024K, 1 young (1024K), 1 survivors (1024K)
 Metaspace       used 2870K, capacity 5546K, committed 5632K, reserved 1056768K
  class space    used 349K, capacity 711K, committed 768K, reserved 1048576K
}

