# JRE version: OpenJDK Runtime Environment (11.0.8+10) (build 11.0.8+10-post-Ubuntu-0ubuntu118.04.1)
# Java VM: OpenJDK 64-Bit Server VM (11.0.8+10-post-Ubuntu-0ubuntu118.04.1, mixed mode, sharing, tiered, compressed oops, g1 gc, linux-amd64)
Heap:
 garbage-first heap   total 148480K, used 99727K [0x00000000c2600000, 0x0000000100000000)
  region size 1024K, 25 young (25600K), 4 survivors (4096K)
 Metaspace       used 2869K, capacity 5546K, committed 5632K, reserved 1056768K
  class space    used 350K, capacity 711K, committed 768K, reserved 1048576K
GC Heap History (20 events):
Event: 2.668 GC heap before
{Heap before GC invocations=5 (full 0):
 garbage-first heap   total 68608K, used 65536K [0x00000000c2600000, 0x0000000100000000)
  region size 1024K, 3 young (3072K), 1 survivors (1024K)
 Metaspace       used 2558K, capacity 5436K, committed 5632K, reserved 1056768K
  class space    used 307K, capacity 675K, committed 768K, reserved 1048576K
}
Event: 2.687 GC heap after
{Heap after GC invocations=6 (full 0):
 garbage-first heap   total 68608K, used 64181K [0x00000000c2600000, 0x0000000100000000)
  region size 1024K, 1 young (1024K), 1 survivors (1024K)
 Metaspace       used 2558K, capacity 5436K, committed 5632K, reserved 1056768K
  class space    used 307K, capacity 675K, committed 768K, reserved 1048576K
}
Event: 2.988 GC heap before
{Heap before GC invocations=7 (full 0):
 garbage-first heap   total 68608K, used 65205K [0x00000000c2600000, 0x0000000100000000)
  region size 1024K, 3 young (3072K), 1 survivors (1024K)
 Metaspace       used 2561K, capacity 5412K, committed 5632K, reserved 1056768K
  class space    used 304K, capacity 667K, committed 768K, reserved 1048576K
}
Event: 2.993 GC heap after
{Heap after GC invocations=8 (full 0):
 garbage-first heap   total 68608K, used 64491K [0x00000000c2600000, 0x0000000100000000)
  region size 1024K, 1 young (1024K), 1 survivors (1024K)
 Metaspace       used 2561K, capacity 5412K, committed 5632K, reserved 1056768K
  class space    used 304K, capacity 667K, committed 768K, reserved 1048576K
}
Event: 3.449 GC heap before
{Heap before GC invocations=9 (full 0):
 garbage-first heap   total 78848K, used 76779K [0x00000000c2600000, 0x0000000100000000)
  region size 1024K, 3 young (3072K), 1 survivors (1024K)
 Metaspace       used 2563K, capacity 5412K, committed 5632K, reserved 1056768K
  class space    used 304K, capacity 667K, committed 768K, reserved 1048576K
}
Event: 3.452 GC heap after
{Heap after GC invocations=10 (full 0):
 garbage-first heap   total 78848K, used 74940K [0x00000000c2600000, 0x0000000100000000)
  region size 1024K, 1 young (1024K), 1 survivors (1024K)
 Metaspace       used 2563K, capacity 5412K, committed 5632K, reserved 1056768K
  class space    used 304K, capacity 667K, committed 768K, reserved 1048576K
}
Event: 3.601 GC heap before
{Heap before GC invocations=10 (full 0):
 garbage-first heap   total 78848K, used 76988K [0x00000000c2600000, 0x0000000100000000)
  region size 1024K, 3 young (3072K), 1 survivors (1024K)
 Metaspace       used 2568K, capacity 5412K, committed 5632K, reserved 1056768K
  class space    used 304K, capacity 667K, committed 768K, reserved 1048576K
}
Event: 3.610 GC heap after
{Heap after GC invocations=11 (full 0):
 garbage-first heap   total 78848K, used 75127K [0x00000000c2600000, 0x0000000100000000)
  region size 1024K, 1 young (1024K), 1 survivors (1024K)
 Metaspace       used 2568K, capacity 5412K, committed 5632K, reserved 1056768K
  class space    used 304K, capacity 667K, committed 768K, reserved 1048576K
}
Event: 4.088 GC heap before
{Heap before GC invocations=12 (full 0):
 garbage-first heap   total 78848K, used 77175K [0x00000000c2600000, 0x0000000100000000)
  region size 1024K, 3 young (3072K), 1 survivors (1024K)
 Metaspace       used 2590K, capacity 5418K, committed 5632K, reserved 1056768K
  class space    used 307K, capacity 669K, committed 768K, reserved 1048576K
}
Event: 4.129 GC heap after
{Heap after GC invocations=13 (full 0):
 garbage-first heap   total 95232K, used 75389K [0x00000000c2600000, 0x0000000100000000)
  region size 1024K, 1 young (1024K), 1 survivors (1024K)
 Metaspace       used 2590K, capacity 5418K, committed 5632K, reserved 1056768K
  class space    used 307K, capacity 669K, committed 768K, reserved 1048576K
}
Event: 5.025 GC heap before
{Heap before GC invocations=13 (full 0):
 garbage-first heap   total 95232K, used 79485K [0x00000000c2600000, 0x0000000100000000)
  region size 1024K, 5 young (5120K), 1 survivors (1024K)
 Metaspace       used 2809K, capacity 5488K, committed 5632K, reserved 1056768K
  class space    used 340K, capacity 692K, committed 768K, reserved 1048576K
}
Event: 5.059 GC heap after
{Heap after GC invocations=14 (full 0):
 garbage-first heap   total 95232K, used 76103K [0x00000000c2600000, 0x0000000100000000)
  region size 1024K, 1 young (1024K), 1 survivors (1024K)
 Metaspace       used 2809K, capacity 5488K, committed 5632K, reserved 1056768K
  class space    used 340K, capacity 692K, committed 768K, reserved 1048576K
}
Event: 5.348 GC heap before
{Heap before GC invocations=15 (full 0):
 garbage-first heap   total 95232K, used 79175K [0x00000000c2600000, 0x0000000100000000)
  region size 1024K, 4 young (4096K), 1 survivors (1024K)
 Metaspace       used 2809K, capacity 5488K, committed 5632K, reserved 1056768K
  class space    used 340K, capacity 692K, committed 768K, reserved 1048576K
}
Event: 5.365 GC heap after
{Heap after GC invocations=16 (full 0):
 garbage-first heap   total 95232K, used 76336K [0x00000000c2600000, 0x0000000100000000)
  region size 1024K, 1 young (1024K), 1 survivors (1024K)
 Metaspace       used 2809K, capacity 5488K, committed 5632K, reserved 1056768K
  class space    used 340K, capacity 692K, committed 768K, reserved 1048576K
}
Event: 5.665 GC heap before
{Heap before GC invocations=16 (full 0):
 garbage-first heap   total 95232K, used 79408K [0x00000000c2600000, 0x0000000100000000)
  region size 1024K, 4 young (4096K), 1 survivors (1024K)
 Metaspace       used 2810K, capacity 5488K, committed 5632K, reserved 1056768K
  class space    used 340K, capacity 692K, committed 768K, reserved 1048576K
}
Event: 5.680 GC heap after
{Heap after GC invocations=17 (full 0):
 garbage-first heap   total 95232K, used 76370K [0x00000000c2600000, 0x0000000100000000)
  region size 1024K, 1 young (1024K), 1 survivors (1024K)
 Metaspace       used 2810K, capacity 5488K, committed 5632K, reserved 1056768K
  class space    used 340K, capacity 692K, committed 768K, reserved 1048576K
}
Event: 5.925 GC heap before
{Heap before GC invocations=18 (full 0):
 garbage-first heap   total 95232K, used 79442K [0x00000000c2600000, 0x0000000100000000)
  region size 1024K, 4 young (4096K), 1 survivors (1024K)
 Metaspace       used 2815K, capacity 5488K, committed 5632K, reserved 1056768K
  class space    used 340K, capacity 692K, committed 768K, reserved 1048576K
}
Event: 5.942 GC heap after
{Heap after GC invocations=19 (full 0):
 garbage-first heap   total 148480K, used 77088K [0x00000000c2600000, 0x0000000100000000)
  region size 1024K, 1 young (1024K), 1 survivors (1024K)
 Metaspace       used 2815K, capacity 5488K, committed 5632K, reserved 1056768K
  class space    used 340K, capacity 692K, committed 768K, reserved 1048576K
}
Event: 10.334 GC heap before
{Heap before GC invocations=19 (full 0):
 garbage-first heap   total 148480K, used 101664K [0x00000000c2600000, 0x0000000100000000)
  region size 1024K, 25 young (25600K), 1 survivors (1024K)
 Metaspace       used 2863K, capacity 5546K, committed 5632K, reserved 1056768K
  class space    used 350K, capacity 711K, committed 768K, reserved 1048576K
}
Event: 10.361 GC heap after
{Heap after GC invocations=20 (full 0):
 garbage-first heap   total 148480K, used 79247K [0x00000000c2600000, 0x0000000100000000)
  region size 1024K, 4 young (4096K), 4 survivors (4096K)
 Metaspace       used 2863K, capacity 5546K, committed 5632K, reserved 1056768K
  class space    used 350K, capacity 711K, committed 768K, reserved 1048576K
}

