# JRE version: OpenJDK Runtime Environment (11.0.8+10) (build 11.0.8+10-post-Ubuntu-0ubuntu118.04.1)
# Java VM: OpenJDK 64-Bit Server VM (11.0.8+10-post-Ubuntu-0ubuntu118.04.1, mixed mode, sharing, tiered, compressed oops, g1 gc, linux-amd64)
Heap:
 garbage-first heap   total 132096K, used 114045K [0x00000000c2600000, 0x0000000100000000)
  region size 1024K, 11 young (11264K), 2 survivors (2048K)
 Metaspace       used 2933K, capacity 5553K, committed 5632K, reserved 1056768K
  class space    used 349K, capacity 712K, committed 768K, reserved 1048576K
GC Heap History (20 events):
Event: 4.683 GC heap after
{Heap after GC invocations=1 (full 0):
 garbage-first heap   total 63488K, used 28104K [0x00000000c2600000, 0x0000000100000000)
  region size 1024K, 2 young (2048K), 2 survivors (2048K)
 Metaspace       used 2261K, capacity 5232K, committed 5248K, reserved 1056768K
  class space    used 282K, capacity 634K, committed 640K, reserved 1048576K
}
Event: 10.590 GC heap before
{Heap before GC invocations=2 (full 0):
 garbage-first heap   total 63488K, used 51656K [0x00000000c2600000, 0x0000000100000000)
  region size 1024K, 13 young (13312K), 2 survivors (2048K)
 Metaspace       used 2815K, capacity 5494K, committed 5632K, reserved 1056768K
  class space    used 341K, capacity 696K, committed 768K, reserved 1048576K
}
Event: 10.627 GC heap after
{Heap after GC invocations=3 (full 0):
 garbage-first heap   total 63488K, used 43604K [0x00000000c2600000, 0x0000000100000000)
  region size 1024K, 3 young (3072K), 3 survivors (3072K)
 Metaspace       used 2815K, capacity 5494K, committed 5632K, reserved 1056768K
  class space    used 341K, capacity 696K, committed 768K, reserved 1048576K
}
Event: 11.341 GC heap before
{Heap before GC invocations=4 (full 0):
 garbage-first heap   total 63488K, used 58964K [0x00000000c2600000, 0x0000000100000000)
  region size 1024K, 5 young (5120K), 3 survivors (3072K)
 Metaspace       used 2821K, capacity 5494K, committed 5632K, reserved 1056768K
  class space    used 341K, capacity 696K, committed 768K, reserved 1048576K
}
Event: 11.436 GC heap after
{Heap after GC invocations=5 (full 0):
 garbage-first heap   total 64512K, used 58269K [0x00000000c2600000, 0x0000000100000000)
  region size 1024K, 1 young (1024K), 1 survivors (1024K)
 Metaspace       used 2821K, capacity 5494K, committed 5632K, reserved 1056768K
  class space    used 341K, capacity 696K, committed 768K, reserved 1048576K
}
Event: 12.294 GC heap before
{Heap before GC invocations=6 (full 0):
 garbage-first heap   total 69632K, used 64413K [0x00000000c2600000, 0x0000000100000000)
  region size 1024K, 3 young (3072K), 1 survivors (1024K)
 Metaspace       used 2821K, capacity 5494K, committed 5632K, reserved 1056768K
  class space    used 341K, capacity 696K, committed 768K, reserved 1048576K
}
Event: 12.302 GC heap after
{Heap after GC invocations=7 (full 0):
 garbage-first heap   total 69632K, used 63097K [0x00000000c2600000, 0x0000000100000000)
  region size 1024K, 1 young (1024K), 1 survivors (1024K)
 Metaspace       used 2821K, capacity 5494K, committed 5632K, reserved 1056768K
  class space    used 341K, capacity 696K, committed 768K, reserved 1048576K
}
Event: 13.791 GC heap before
{Heap before GC invocations=8 (full 0):
 garbage-first heap   total 74752K, used 69241K [0x00000000c2600000, 0x0000000100000000)
  region size 1024K, 3 young (3072K), 1 survivors (1024K)
 Metaspace       used 2815K, capacity 5484K, committed 5632K, reserved 1056768K
  class space    used 339K, capacity 692K, committed 768K, reserved 1048576K
}
Event: 13.868 GC heap after
{Heap after GC invocations=9 (full 0):
 garbage-first heap   total 74752K, used 68254K [0x00000000c2600000, 0x0000000100000000)
  region size 1024K, 1 young (1024K), 1 survivors (1024K)
 Metaspace       used 2815K, capacity 5484K, committed 5632K, reserved 1056768K
  class space    used 339K, capacity 692K, committed 768K, reserved 1048576K
}
Event: 14.971 GC heap before
{Heap before GC invocations=10 (full 0):
 garbage-first heap   total 79872K, used 74398K [0x00000000c2600000, 0x0000000100000000)
  region size 1024K, 3 young (3072K), 1 survivors (1024K)
 Metaspace       used 2871K, capacity 5542K, committed 5632K, reserved 1056768K
  class space    used 349K, capacity 711K, committed 768K, reserved 1048576K
}
Event: 15.187 GC heap after
{Heap after GC invocations=11 (full 0):
 garbage-first heap   total 79872K, used 73454K [0x00000000c2600000, 0x0000000100000000)
  region size 1024K, 1 young (1024K), 1 survivors (1024K)
 Metaspace       used 2871K, capacity 5542K, committed 5632K, reserved 1056768K
  class space    used 349K, capacity 711K, committed 768K, reserved 1048576K
}
Event: 15.988 GC heap before
{Heap before GC invocations=12 (full 0):
 garbage-first heap   total 95232K, used 89838K [0x00000000c2600000, 0x0000000100000000)
  region size 1024K, 3 young (3072K), 1 survivors (1024K)
 Metaspace       used 2871K, capacity 5542K, committed 5632K, reserved 1056768K
  class space    used 349K, capacity 711K, committed 768K, reserved 1048576K
}
Event: 16.021 GC heap after
{Heap after GC invocations=13 (full 0):
 garbage-first heap   total 132096K, used 88850K [0x00000000c2600000, 0x0000000100000000)
  region size 1024K, 1 young (1024K), 1 survivors (1024K)
 Metaspace       used 2871K, capacity 5542K, committed 5632K, reserved 1056768K
  class space    used 349K, capacity 711K, committed 768K, reserved 1048576K
}
Event: 18.187 GC heap before
{Heap before GC invocations=14 (full 0):
 garbage-first heap   total 132096K, used 96018K [0x00000000c2600000, 0x0000000100000000)
  region size 1024K, 4 young (4096K), 1 survivors (1024K)
 Metaspace       used 2873K, capacity 5542K, committed 5632K, reserved 1056768K
  class space    used 349K, capacity 711K, committed 768K, reserved 1048576K
}
Event: 18.192 GC heap after
{Heap after GC invocations=15 (full 0):
 garbage-first heap   total 132096K, used 94041K [0x00000000c2600000, 0x0000000100000000)
  region size 1024K, 1 young (1024K), 1 survivors (1024K)
 Metaspace       used 2873K, capacity 5542K, committed 5632K, reserved 1056768K
  class space    used 349K, capacity 711K, committed 768K, reserved 1048576K
}
Event: 18.459 GC heap before
{Heap before GC invocations=16 (full 0):
 garbage-first heap   total 132096K, used 99161K [0x00000000c2600000, 0x0000000100000000)
  region size 1024K, 2 young (2048K), 1 survivors (1024K)
 Metaspace       used 2873K, capacity 5542K, committed 5632K, reserved 1056768K
  class space    used 349K, capacity 711K, committed 768K, reserved 1048576K
}
Event: 18.497 GC heap after
{Heap after GC invocations=17 (full 0):
 garbage-first heap   total 132096K, used 99161K [0x00000000c2600000, 0x0000000100000000)
  region size 1024K, 1 young (1024K), 1 survivors (1024K)
 Metaspace       used 2873K, capacity 5542K, committed 5632K, reserved 1056768K
  class space    used 349K, capacity 711K, committed 768K, reserved 1048576K
}
Event: 36.486 GC heap before
{Heap before GC invocations=18 (full 0):
 garbage-first heap   total 132096K, used 115545K [0x00000000c2600000, 0x0000000100000000)
  region size 1024K, 12 young (12288K), 1 survivors (1024K)
 Metaspace       used 2913K, capacity 5545K, committed 5632K, reserved 1056768K
  class space    used 349K, capacity 712K, committed 768K, reserved 1048576K
}
Event: 36.509 GC heap after
{Heap after GC invocations=19 (full 0):
 garbage-first heap   total 132096K, used 104829K [0x00000000c2600000, 0x0000000100000000)
  region size 1024K, 1 young (1024K), 1 survivors (1024K)
 Metaspace       used 2913K, capacity 5545K, committed 5632K, reserved 1056768K
  class space    used 349K, capacity 712K, committed 768K, reserved 1048576K
}
Event: 49.550 GC heap before
{Heap before GC invocations=19 (full 0):
 garbage-first heap   total 132096K, used 114045K [0x00000000c2600000, 0x0000000100000000)
  region size 1024K, 10 young (10240K), 1 survivors (1024K)
 Metaspace       used 2933K, capacity 5553K, committed 5632K, reserved 1056768K
  class space    used 349K, capacity 712K, committed 768K, reserved 1048576K
}

