# JRE version: OpenJDK Runtime Environment (11.0.8+10) (build 11.0.8+10-post-Ubuntu-0ubuntu118.04.1)
# Java VM: OpenJDK 64-Bit Server VM (11.0.8+10-post-Ubuntu-0ubuntu118.04.1, mixed mode, sharing, tiered, compressed oops, g1 gc, linux-amd64)
Heap:
 garbage-first heap   total 109568K, used 104261K [0x00000000c2600000, 0x0000000100000000)
  region size 1024K, 2 young (2048K), 1 survivors (1024K)
 Metaspace       used 2867K, capacity 5542K, committed 5632K, reserved 1056768K
  class space    used 349K, capacity 711K, committed 768K, reserved 1048576K
GC Heap History (16 events):
Event: 3.982 GC heap before
{Heap before GC invocations=0 (full 0):
 garbage-first heap   total 63488K, used 35840K [0x00000000c2600000, 0x0000000100000000)
  region size 1024K, 10 young (10240K), 0 survivors (0K)
 Metaspace       used 2398K, capacity 5322K, committed 5632K, reserved 1056768K
  class space    used 302K, capacity 665K, committed 768K, reserved 1048576K
}
Event: 4.077 GC heap after
{Heap after GC invocations=1 (full 0):
 garbage-first heap   total 63488K, used 28206K [0x00000000c2600000, 0x0000000100000000)
  region size 1024K, 2 young (2048K), 2 survivors (2048K)
 Metaspace       used 2398K, capacity 5322K, committed 5632K, reserved 1056768K
  class space    used 302K, capacity 665K, committed 768K, reserved 1048576K
}
Event: 11.029 GC heap before
{Heap before GC invocations=2 (full 0):
 garbage-first heap   total 63488K, used 50734K [0x00000000c2600000, 0x0000000100000000)
  region size 1024K, 11 young (11264K), 2 survivors (2048K)
 Metaspace       used 2826K, capacity 5502K, committed 5632K, reserved 1056768K
  class space    used 342K, capacity 699K, committed 768K, reserved 1048576K
}
Event: 11.080 GC heap after
{Heap after GC invocations=3 (full 0):
 garbage-first heap   total 63488K, used 43622K [0x00000000c2600000, 0x0000000100000000)
  region size 1024K, 2 young (2048K), 2 survivors (2048K)
 Metaspace       used 2826K, capacity 5502K, committed 5632K, reserved 1056768K
  class space    used 342K, capacity 699K, committed 768K, reserved 1048576K
}
Event: 11.761 GC heap before
{Heap before GC invocations=4 (full 0):
 garbage-first heap   total 63488K, used 58982K [0x00000000c2600000, 0x0000000100000000)
  region size 1024K, 4 young (4096K), 2 survivors (2048K)
 Metaspace       used 2828K, capacity 5502K, committed 5632K, reserved 1056768K
  class space    used 342K, capacity 699K, committed 768K, reserved 1048576K
}
Event: 11.779 GC heap after
{Heap after GC invocations=5 (full 0):
 garbage-first heap   total 63488K, used 57974K [0x00000000c2600000, 0x0000000100000000)
  region size 1024K, 2 young (2048K), 2 survivors (2048K)
 Metaspace       used 2828K, capacity 5502K, committed 5632K, reserved 1056768K
  class space    used 342K, capacity 699K, committed 768K, reserved 1048576K
}
Event: 12.364 GC heap before
{Heap before GC invocations=6 (full 0):
 garbage-first heap   total 68608K, used 63094K [0x00000000c2600000, 0x0000000100000000)
  region size 1024K, 3 young (3072K), 2 survivors (2048K)
 Metaspace       used 2817K, capacity 5484K, committed 5632K, reserved 1056768K
  class space    used 339K, capacity 692K, committed 768K, reserved 1048576K
}
Event: 12.389 GC heap after
{Heap after GC invocations=7 (full 0):
 garbage-first heap   total 68608K, used 63184K [0x00000000c2600000, 0x0000000100000000)
  region size 1024K, 1 young (1024K), 1 survivors (1024K)
 Metaspace       used 2817K, capacity 5484K, committed 5632K, reserved 1056768K
  class space    used 339K, capacity 692K, committed 768K, reserved 1048576K
}
Event: 13.379 GC heap before
{Heap before GC invocations=8 (full 0):
 garbage-first heap   total 73728K, used 68304K [0x00000000c2600000, 0x0000000100000000)
  region size 1024K, 2 young (2048K), 1 survivors (1024K)
 Metaspace       used 2817K, capacity 5484K, committed 5632K, reserved 1056768K
  class space    used 339K, capacity 692K, committed 768K, reserved 1048576K
}
Event: 13.388 GC heap after
{Heap after GC invocations=9 (full 0):
 garbage-first heap   total 73728K, used 68219K [0x00000000c2600000, 0x0000000100000000)
  region size 1024K, 1 young (1024K), 1 survivors (1024K)
 Metaspace       used 2817K, capacity 5484K, committed 5632K, reserved 1056768K
  class space    used 339K, capacity 692K, committed 768K, reserved 1048576K
}
Event: 14.680 GC heap before
{Heap before GC invocations=10 (full 0):
 garbage-first heap   total 83968K, used 79483K [0x00000000c2600000, 0x0000000100000000)
  region size 1024K, 3 young (3072K), 1 survivors (1024K)
 Metaspace       used 2865K, capacity 5542K, committed 5632K, reserved 1056768K
  class space    used 349K, capacity 711K, committed 768K, reserved 1048576K
}
Event: 14.759 GC heap after
{Heap after GC invocations=11 (full 0):
 garbage-first heap   total 83968K, used 78536K [0x00000000c2600000, 0x0000000100000000)
  region size 1024K, 1 young (1024K), 1 survivors (1024K)
 Metaspace       used 2865K, capacity 5542K, committed 5632K, reserved 1056768K
  class space    used 349K, capacity 711K, committed 768K, reserved 1048576K
}
Event: 17.211 GC heap before
{Heap before GC invocations=12 (full 0):
 garbage-first heap   total 99328K, used 95944K [0x00000000c2600000, 0x0000000100000000)
  region size 1024K, 4 young (4096K), 1 survivors (1024K)
 Metaspace       used 2867K, capacity 5542K, committed 5632K, reserved 1056768K
  class space    used 349K, capacity 711K, committed 768K, reserved 1048576K
}
Event: 17.215 GC heap after
{Heap after GC invocations=13 (full 0):
 garbage-first heap   total 99328K, used 93976K [0x00000000c2600000, 0x0000000100000000)
  region size 1024K, 1 young (1024K), 1 survivors (1024K)
 Metaspace       used 2867K, capacity 5542K, committed 5632K, reserved 1056768K
  class space    used 349K, capacity 711K, committed 768K, reserved 1048576K
}
Event: 18.268 GC heap before
{Heap before GC invocations=14 (full 0):
 garbage-first heap   total 104448K, used 99096K [0x00000000c2600000, 0x0000000100000000)
  region size 1024K, 2 young (2048K), 1 survivors (1024K)
 Metaspace       used 2867K, capacity 5542K, committed 5632K, reserved 1056768K
  class space    used 349K, capacity 711K, committed 768K, reserved 1048576K
}
Event: 18.357 GC heap after
{Heap after GC invocations=15 (full 0):
 garbage-first heap   total 104448K, used 99141K [0x00000000c2600000, 0x0000000100000000)
  region size 1024K, 1 young (1024K), 1 survivors (1024K)
 Metaspace       used 2867K, capacity 5542K, committed 5632K, reserved 1056768K
  class space    used 349K, capacity 711K, committed 768K, reserved 1048576K
}

