# JRE version: OpenJDK Runtime Environment (11.0.8+10) (build 11.0.8+10-post-Ubuntu-0ubuntu118.04.1)
# Java VM: OpenJDK 64-Bit Server VM (11.0.8+10-post-Ubuntu-0ubuntu118.04.1, mixed mode, sharing, tiered, compressed oops, g1 gc, linux-amd64)
Heap:
 garbage-first heap   total 90112K, used 70040K [0x00000000c2600000, 0x0000000100000000)
  region size 1024K, 18 young (18432K), 2 survivors (2048K)
 Metaspace       used 2890K, capacity 5551K, committed 5632K, reserved 1056768K
  class space    used 349K, capacity 711K, committed 768K, reserved 1048576K
GC Heap History (20 events):
Event: 15.959 GC heap before
{Heap before GC invocations=14 (full 0):
 garbage-first heap   total 90112K, used 63719K [0x00000000c2600000, 0x0000000100000000)
  region size 1024K, 17 young (17408K), 2 survivors (2048K)
 Metaspace       used 2869K, capacity 5546K, committed 5632K, reserved 1056768K
  class space    used 349K, capacity 711K, committed 768K, reserved 1048576K
}
Event: 15.984 GC heap after
{Heap after GC invocations=15 (full 0):
 garbage-first heap   total 90112K, used 49407K [0x00000000c2600000, 0x0000000100000000)
  region size 1024K, 3 young (3072K), 3 survivors (3072K)
 Metaspace       used 2869K, capacity 5546K, committed 5632K, reserved 1056768K
  class space    used 349K, capacity 711K, committed 768K, reserved 1048576K
}
Event: 18.350 GC heap before
{Heap before GC invocations=16 (full 0):
 garbage-first heap   total 90112K, used 65791K [0x00000000c2600000, 0x0000000100000000)
  region size 1024K, 19 young (19456K), 3 survivors (3072K)
 Metaspace       used 2873K, capacity 5550K, committed 5632K, reserved 1056768K
  class space    used 349K, capacity 711K, committed 768K, reserved 1048576K
}
Event: 18.357 GC heap after
{Heap after GC invocations=17 (full 0):
 garbage-first heap   total 90112K, used 50060K [0x00000000c2600000, 0x0000000100000000)
  region size 1024K, 2 young (2048K), 2 survivors (2048K)
 Metaspace       used 2873K, capacity 5550K, committed 5632K, reserved 1056768K
  class space    used 349K, capacity 711K, committed 768K, reserved 1048576K
}
Event: 20.762 GC heap before
{Heap before GC invocations=17 (full 0):
 garbage-first heap   total 90112K, used 69516K [0x00000000c2600000, 0x0000000100000000)
  region size 1024K, 21 young (21504K), 2 survivors (2048K)
 Metaspace       used 2874K, capacity 5550K, committed 5632K, reserved 1056768K
  class space    used 349K, capacity 711K, committed 768K, reserved 1048576K
}
Event: 20.853 GC heap after
{Heap after GC invocations=18 (full 0):
 garbage-first heap   total 90112K, used 50926K [0x00000000c2600000, 0x0000000100000000)
  region size 1024K, 2 young (2048K), 2 survivors (2048K)
 Metaspace       used 2874K, capacity 5550K, committed 5632K, reserved 1056768K
  class space    used 349K, capacity 711K, committed 768K, reserved 1048576K
}
Event: 23.505 GC heap before
{Heap before GC invocations=19 (full 0):
 garbage-first heap   total 90112K, used 70382K [0x00000000c2600000, 0x0000000100000000)
  region size 1024K, 21 young (21504K), 2 survivors (2048K)
 Metaspace       used 2875K, capacity 5550K, committed 5632K, reserved 1056768K
  class space    used 349K, capacity 711K, committed 768K, reserved 1048576K
}
Event: 23.530 GC heap after
{Heap after GC invocations=20 (full 0):
 garbage-first heap   total 90112K, used 51544K [0x00000000c2600000, 0x0000000100000000)
  region size 1024K, 3 young (3072K), 3 survivors (3072K)
 Metaspace       used 2875K, capacity 5550K, committed 5632K, reserved 1056768K
  class space    used 349K, capacity 711K, committed 768K, reserved 1048576K
}
Event: 26.195 GC heap before
{Heap before GC invocations=20 (full 0):
 garbage-first heap   total 90112K, used 71000K [0x00000000c2600000, 0x0000000100000000)
  region size 1024K, 22 young (22528K), 3 survivors (3072K)
 Metaspace       used 2877K, capacity 5551K, committed 5632K, reserved 1056768K
  class space    used 349K, capacity 711K, committed 768K, reserved 1048576K
}
Event: 26.214 GC heap after
{Heap after GC invocations=21 (full 0):
 garbage-first heap   total 90112K, used 52032K [0x00000000c2600000, 0x0000000100000000)
  region size 1024K, 2 young (2048K), 2 survivors (2048K)
 Metaspace       used 2877K, capacity 5551K, committed 5632K, reserved 1056768K
  class space    used 349K, capacity 711K, committed 768K, reserved 1048576K
}
Event: 29.044 GC heap before
{Heap before GC invocations=22 (full 0):
 garbage-first heap   total 90112K, used 72512K [0x00000000c2600000, 0x0000000100000000)
  region size 1024K, 22 young (22528K), 2 survivors (2048K)
 Metaspace       used 2878K, capacity 5551K, committed 5632K, reserved 1056768K
  class space    used 349K, capacity 711K, committed 768K, reserved 1048576K
}
Event: 29.058 GC heap after
{Heap after GC invocations=23 (full 0):
 garbage-first heap   total 90112K, used 52705K [0x00000000c2600000, 0x0000000100000000)
  region size 1024K, 2 young (2048K), 2 survivors (2048K)
 Metaspace       used 2878K, capacity 5551K, committed 5632K, reserved 1056768K
  class space    used 349K, capacity 711K, committed 768K, reserved 1048576K
}
Event: 31.962 GC heap before
{Heap before GC invocations=23 (full 0):
 garbage-first heap   total 90112K, used 73185K [0x00000000c2600000, 0x0000000100000000)
  region size 1024K, 22 young (22528K), 2 survivors (2048K)
 Metaspace       used 2881K, capacity 5551K, committed 5632K, reserved 1056768K
  class space    used 349K, capacity 711K, committed 768K, reserved 1048576K
}
Event: 31.974 GC heap after
{Heap after GC invocations=24 (full 0):
 garbage-first heap   total 90112K, used 53220K [0x00000000c2600000, 0x0000000100000000)
  region size 1024K, 2 young (2048K), 2 survivors (2048K)
 Metaspace       used 2881K, capacity 5551K, committed 5632K, reserved 1056768K
  class space    used 349K, capacity 711K, committed 768K, reserved 1048576K
}
Event: 34.677 GC heap before
{Heap before GC invocations=25 (full 0):
 garbage-first heap   total 90112K, used 73700K [0x00000000c2600000, 0x0000000100000000)
  region size 1024K, 22 young (22528K), 2 survivors (2048K)
 Metaspace       used 2888K, capacity 5551K, committed 5632K, reserved 1056768K
  class space    used 349K, capacity 711K, committed 768K, reserved 1048576K
}
Event: 34.701 GC heap after
{Heap after GC invocations=26 (full 0):
 garbage-first heap   total 90112K, used 53604K [0x00000000c2600000, 0x0000000100000000)
  region size 1024K, 2 young (2048K), 2 survivors (2048K)
 Metaspace       used 2888K, capacity 5551K, committed 5632K, reserved 1056768K
  class space    used 349K, capacity 711K, committed 768K, reserved 1048576K
}
Event: 37.517 GC heap before
{Heap before GC invocations=26 (full 0):
 garbage-first heap   total 90112K, used 74084K [0x00000000c2600000, 0x0000000100000000)
  region size 1024K, 22 young (22528K), 2 survivors (2048K)
 Metaspace       used 2890K, capacity 5551K, committed 5632K, reserved 1056768K
  class space    used 349K, capacity 711K, committed 768K, reserved 1048576K
}
Event: 37.549 GC heap after
{Heap after GC invocations=27 (full 0):
 garbage-first heap   total 90112K, used 54177K [0x00000000c2600000, 0x0000000100000000)
  region size 1024K, 3 young (3072K), 3 survivors (3072K)
 Metaspace       used 2890K, capacity 5551K, committed 5632K, reserved 1056768K
  class space    used 349K, capacity 711K, committed 768K, reserved 1048576K
}
Event: 40.468 GC heap before
{Heap before GC invocations=28 (full 0):
 garbage-first heap   total 90112K, used 74657K [0x00000000c2600000, 0x0000000100000000)
  region size 1024K, 23 young (23552K), 3 survivors (3072K)
 Metaspace       used 2890K, capacity 5551K, committed 5632K, reserved 1056768K
  class space    used 349K, capacity 711K, committed 768K, reserved 1048576K
}
Event: 40.495 GC heap after
{Heap after GC invocations=29 (full 0):
 garbage-first heap   total 90112K, used 54680K [0x00000000c2600000, 0x0000000100000000)
  region size 1024K, 2 young (2048K), 2 survivors (2048K)
 Metaspace       used 2890K, capacity 5551K, committed 5632K, reserved 1056768K
  class space    used 349K, capacity 711K, committed 768K, reserved 1048576K
}

